Start testing: May 07 23:43 UTC
----------------------------------------------------------
1/2 Testing: robertson
1/2 Test: robertson
Command: "/home/runner/work/stiff3/stiff3/build/example/robertson"
Directory: /home/runner/work/stiff3/stiff3/build/example
"robertson" start time: May 07 23:43 UTC
Output:
----------------------------------------------------------
 0.000000000000E+00   0.100000000000E+01   0.000000000000E+00   0.000000000000E+00     0   0.000000000000E+00
 0.200000000000E-03   0.999992000032E+00   0.787461167086E-01   0.125355891098E-06     0   0.300000000000E+01
 0.800000000000E-03   0.999968000811E+00   0.257613798755E+00   0.623780900590E-05     0   0.180815881954E+01
 0.188489529172E-02   0.999924615119E+00   0.353925439082E+00   0.399923375081E-04     0   0.251000598439E+01
 0.460798896638E-02   0.999815798142E+00   0.364732468553E+00   0.147728611641E-03     0   0.214632642673E+01
 0.104526368828E-01   0.999582645960E+00   0.364465585364E+00   0.380907481274E-03     0   0.300000000000E+01
 0.279865806319E-01   0.998886477546E+00   0.363187254771E+00   0.107720372820E-02     0   0.300000000000E+01
 0.805884118794E-01   0.996827000475E+00   0.359410106317E+00   0.313705851399E-02     0   0.300000000000E+01
 0.238393905622E+00   0.990895489807E+00   0.348711363753E+00   0.906963905638E-02     0   0.296651389738E+01
 0.706526095891E+00   0.975162005834E+00   0.321636599668E+00   0.248058305059E-01     0   0.110381194753E+01
 0.122325600054E+01   0.960328479521E+00   0.297837361132E+00   0.396417367428E-01     0   0.113811042613E+01
 0.181135169251E+01   0.945831578165E+00   0.276193211996E+00   0.541408025139E-01     0   0.114026047507E+01
 0.248193396562E+01   0.931597664880E+00   0.256462823865E+00   0.683766888372E-01     0   0.114189488760E+01
 0.324766843501E+01   0.917565686721E+00   0.238440485492E+00   0.824104692301E-01     0   0.114364138231E+01
 0.412339406206E+01   0.903678176508E+00   0.221940925903E+00   0.962996293990E-01     0   0.114530794225E+01
 0.512636957795E+01   0.889883149536E+00   0.206800853342E+00   0.110096170379E+00     0   0.114686473040E+01
 0.627664682258E+01   0.876133810396E+00   0.192876908694E+00   0.123846901913E+00     0   0.114829252056E+01
 0.759750157917E+01   0.862388196241E+00   0.180043482727E+00   0.137593799411E+00     0   0.114958218657E+01
 0.879875078959E+01   0.851336385611E+00   0.170458612918E+00   0.148646568528E+00     0   0.143052546085E+01
 0.100000000000E+02   0.841369863623E+00   0.162341348421E+00   0.158613902242E+00     0   0.159324712082E+01
<end of output>
Test time =   0.03 sec
----------------------------------------------------------
Test Passed.
"robertson" end time: May 07 23:43 UTC
"robertson" time elapsed: 00:00:00
----------------------------------------------------------

2/2 Testing: vanpol
2/2 Test: vanpol
Command: "/home/runner/work/stiff3/stiff3/build/example/vanpol"
Directory: /home/runner/work/stiff3/stiff3/build/example
"vanpol" start time: May 07 23:43 UTC
Output:
----------------------------------------------------------
0.000000000000E+00  0.100000000000E+01  0.100000000000E+01     0  0.0000000000000000
0.200000000000E-02  0.100199797203E+01  0.997958055839E+00     0  3.0000000000000000
0.800000000000E-02  0.100796621548E+01  0.991331797875E+00     0  3.0000000000000000
0.260000000000E-01  0.102560143673E+01  0.967055054292E+00     0  3.0000000000000000
0.800000000000E-01  0.107512319256E+01  0.859071034778E+00     0  1.4685601019667529
0.159302245506E+00  0.113482574081E+01  0.639223511707E+00     0  0.81986335322330961
0.224319250425E+00  0.117012659782E+01  0.448329240327E+00     0  1.1055205678551914
0.296196886623E+00  0.119544342271E+01  0.262208158793E+00     0  1.2675279427937676
0.341750342795E+00  0.120510813703E+01  0.164924972934E+00     1  1.2889850204859448
0.400468065431E+00  0.121169169145E+01  0.636412661039E-01     0  0.97220132856158104
0.457553513389E+00  0.121306815052E+01  -.120561981317E-01     0  0.99958891630938507
0.514615494449E+00  0.121065584618E+01  -.699189125381E-01     0  1.0675849724052446
0.575534007925E+00  0.120489533425E+01  -.117084539096E+00     0  1.0970396735655885
0.642364034063E+00  0.119568847063E+01  -.156739499320E+00     0  1.1238832457475028
0.717473180752E+00  0.118255481404E+01  -.191693294807E+00     0  1.1567394872987780
0.804354896585E+00  0.116440800318E+01  -.225239469675E+00     0  1.2086896046540805
0.909367923347E+00  0.113878862959E+01  -.262628071918E+00     0  1.3489535016584480
0.105102561352E+01  0.109778241849E+01  -.318333875387E+00     0  1.2180246472673413
0.122356817162E+01  0.103511880653E+01  -.416344930619E+00     0  0.72804566397822468
0.134918703290E+01  0.975939627933E+00  -.536085657575E+00     0  0.93810539344254984
0.140810889854E+01  0.942002506171E+00  -.619858585377E+00     1  1.7835832086002121
0.146065492363E+01  0.906941194903E+00  -.719385157222E+00     1  1.5527481828371039
0.154224566860E+01  0.839628294328E+00  -.950292512839E+00     0  0.71848545450730283
0.160086743208E+01  0.776693838966E+00  -.121583895963E+01     0  0.75175114538752885
0.164493640993E+01  0.716968168054E+00  -.151275295322E+01     0  0.81000474582794391
0.168063249112E+01  0.657234782354E+00  -.185246457087E+01     0  0.84803631890102960
0.171090406442E+01  0.595492451224E+00  -.224644726964E+01     0  0.87212348477791513
0.173730461442E+01  0.530405430311E+00  -.270570734517E+01     0  0.88941033439602502
0.176078553641E+01  0.460855542548E+00  -.324173849879E+01     0  0.90321787060051850
0.178199392478E+01  0.385747753917E+00  -.386688217360E+01     0  0.91519015936612202
0.180140363311E+01  0.303906659786E+00  -.459423771344E+01     0  0.92632504829514994
0.181938333212E+01  0.213998029128E+00  -.543710714921E+01     0  0.93735025708754582
0.183623660760E+01  0.114452699094E+00  -.640768175984E+01     0  0.94886077745810748
0.185222801968E+01  0.338823020248E-02  -.751429539698E+01     0  0.96130300538741476
0.186760061218E+01  -.121451624978E+00  -.875584076951E+01     0  0.97469199047228328
0.188258415495E+01  -.262648658644E+00  -.101105381095E+02     0  0.98768183098640094
0.189738312792E+01  -.422654483599E+00  -.115142799700E+02     0  0.99560853201268928
0.191211711166E+01  -.602202553436E+00  -.128259568513E+02     0  0.99072915453386479
0.192671449892E+01  -.797132224661E+00  -.138046484953E+02     0  0.97772063132936315
0.194098666561E+01  -.997649646912E+00  -.141755258585E+02     0  0.99464571388321810
0.195518241504E+01  -.119685791274E+01  -.137470466407E+02     0  1.1359979830510731
0.197130875775E+01  -.140780635493E+01  -.122498478141E+02     0  0.93972963914512153
0.198646315997E+01  -.157798969225E+01  -.101319436346E+02     0  0.74718380991577782
0.199778628396E+01  -.168279266443E+01  -.837468094447E+01     0  0.98783726454802134
0.200897168778E+01  -.176694189654E+01  -.669277863312E+01     0  1.1660993135052808
0.202201497951E+01  -.184261294307E+01  -.496077674249E+01     0  1.1362183729437152
0.202942499336E+01  -.187619533636E+01  -.412171417583E+01     1  1.2857206879525800
0.203895220146E+01  -.191095380600E+01  -.320490648025E+01     0  0.92702344382165602
0.204778414673E+01  -.193608409398E+01  -.250940051476E+01     0  0.92895343033175937
0.205598861258E+01  -.195443760495E+01  -.198246313206E+01     0  0.96006415088950225
0.206386542612E+01  -.196837398031E+01  -.157022458228E+01     0  0.98050337982533264
0.207158866842E+01  -.197918876132E+01  -.124180194371E+01     0  0.99408267099951753
0.207926620976E+01  -.198767259637E+01  -.977656691248E+00     0  1.0044468445882750
0.208697789192E+01  -.199435846715E+01  -.764122486675E+00     0  1.0131905190488613
0.209479129518E+01  -.199962733880E+01  -.591085268697E+00     0  1.0210735892703331
0.210276935489E+01  -.200376161156E+01  -.450806282297E+00     0  1.0285164052989317
0.211097492018E+01  -.200697583922E+01  -.337232406285E+00     0  1.0357805321836868
0.211947408497E+01  -.200943590897E+01  -.245552526474E+00     0  1.0430481226417230
0.212833912284E+01  -.201127171453E+01  -.171893728986E+00     0  1.0504646489049949
0.213765153174E+01  -.201258586335E+01  -.113104009784E+00     0  1.0581667906487309
0.214750561358E+01  -.201345980493E+01  -.665921595989E-01     0  1.0663044245660687
0.215801306464E+01  -.201395817707E+01  -.302074856127E-01     0  1.0750615055978692
0.216930922080E+01  -.201413183763E+01  -.214849718530E-02     0  1.0846796919233348
0.218156193198E+01  -.201401984618E+01  0.191066383553E-01     0  1.1060077636170409
0.219511352568E+01  -.201364601249E+01  0.349749515365E-01     0  1.1183356073731840
0.221026875544E+01  -.201302238228E+01  0.464450726322E-01     0  1.1321736227614563
0.222742710683E+01  -.201215127741E+01  0.544048336336E-01     0  1.1500408383903746
0.224715991164E+01  -.201102077740E+01  0.596587970648E-01     0  1.1737429114144515
0.227032115142E+01  -.200959697857E+01  0.629175950721E-01     0  1.2062482605230576
0.229825935660E+01  -.200780954755E+01  0.647907290935E-01     0  1.2529263202678227
0.233326386922E+01  -.200552158289E+01  0.657831878281E-01     0  1.3244056712713541
0.237962404426E+01  -.200245816233E+01  0.662965630886E-01     0  1.4445022244683285
0.244659142022E+01  -.199800595989E+01  0.666395038271E-01     0  1.6773919796722332
0.255892195956E+01  -.199049570792E+01  0.670719413994E-01     0  2.2656629879230876
0.281342510496E+01  -.197330192051E+01  0.680516480047E-01     0  3.0000000000000000
0.357693454115E+01  -.192013771454E+01  0.712917852690E-01     0  1.6659898084953226
0.484893348053E+01  -.182538704257E+01  0.780132644237E-01     0  0.88266235463919729
0.597167905947E+01  -.173353031367E+01  0.860376714387E-01     0  0.80965956372511438
0.688072075508E+01  -.165148442136E+01  0.949398221872E-01     0  0.79623739190441356
0.760453374393E+01  -.157943943170E+01  0.104626002011E+00     0  0.79737664276738041
0.818168531497E+01  -.151617983003E+01  0.115106716024E+00     0  0.80368542525577191
0.864553362078E+01  -.146028453119E+01  0.126446070526E+00     0  0.81356332710811041
0.902290359173E+01  -.141035100415E+01  0.138773410602E+00     0  0.82707068335298917
0.933501523147E+01  -.136502197846E+01  0.152322360497E+00     0  0.84376193199737870
0.959836315163E+01  -.132300506553E+01  0.167480608838E+00     0  0.86212451412864133
0.982540184933E+01  -.128310244214E+01  0.184847763880E+00     0  0.88023860716640046
0.100252500764E+02  -.124421597739E+01  0.205320881778E+00     0  0.89687002015226014
0.102044879598E+02  -.120529671869E+01  0.230255884425E+00     0  0.91200843909001961
0.103679544221E+02  -.116522510171E+01  0.261797703529E+00     0  0.92662803791687498
0.105194270293E+02  -.112260280311E+01  0.303580799635E+00     0  0.94179843959693599
0.106620836944E+02  -.107540333115E+01  0.362292168924E+00     0  0.95496185628647701
0.107983153681E+02  -.102049428792E+01  0.451141627156E+00     0  0.93961446765906265
0.109263206197E+02  -.954484057383E+00  0.593920369373E+00     0  0.82266311606952969
0.109789732193E+02  -.920957645880E+00  0.683742742580E+00     1  1.7019883694989253
0.110237802753E+02  -.888175991305E+00  0.783844659041E+00     1  1.5917574196037594
0.110951022392E+02  -.824705614402E+00  0.101396493033E+01     0  0.75679901313431752
0.111490786311E+02  -.763180936955E+00  0.128411731809E+01     0  0.77286174169845112
0.111907949194E+02  -.703611172822E+00  0.158986857763E+01     0  0.82111691313996027
0.112250488692E+02  -.643450149507E+00  0.194148508436E+01     0  0.85438841478417726
0.112543150471E+02  -.580946194071E+00  0.235000955170E+01     0  0.87644848200216185
0.112799653443E+02  -.514837893223E+00  0.282648293981E+01     0  0.89276185274313213
0.113028649512E+02  -.444020547312E+00  0.338258729214E+01     0  0.90606101885411561
0.113236133923E+02  -.367385138369E+00  0.403086865117E+01     0  0.91778617798297302
0.113426560248E+02  -.283723671272E+00  0.478454779807E+01     0  0.92885448164429441
0.113603438593E+02  -.191652131137E+00  0.565682306600E+01     0  0.93995822505027238
0.113769696848E+02  -.895334523733E-01  0.665929794863E+01     0  0.95166689381645431
0.113927919326E+02  0.245999891265E-01  0.779872855398E+01     0  0.96436696326811122
0.114080503856E+02  0.153093988518E+00  0.907042842670E+01     0  0.97787300600767968
0.114229712149E+02  0.298567438088E+00  0.104450662429E+02     0  0.99026292773013447
0.114377467590E+02  0.463272533213E+00  0.118438100829E+02     0  0.99583858596896135
0.114524608160E+02  0.647107153744E+00  0.131021980479E+02     0  0.98755282775462494
0.114669917245E+02  0.844369201671E+00  0.139605877310E+02     0  0.97699388842730928
0.114811883334E+02  0.104484946597E+01  0.141564202393E+02     0  1.0098294033844191
0.114955244864E+02  0.124425692240E+01  0.135152344681E+02     0  1.2174672065064289
0.115129782826E+02  0.146527417559E+01  0.116361879571E+02     0  0.77634616259526545
0.115265284703E+02  0.160974568049E+01  0.964230039726E+01     0  0.81833860220250587
0.115376171120E+02  0.170709359510E+01  0.791918337983E+01     0  1.0298742514867878
0.115490370185E+02  0.178779304878E+01  0.624155374972E+01     0  1.2807241744093945
0.115636627689E+02  0.186516706745E+01  0.440692117295E+01     0  0.87137422034071066
0.115764072707E+02  0.191300403417E+01  0.315396892766E+01     0  0.72460123064549409
0.115856419524E+02  0.193871424478E+01  0.243969149924E+01     0  0.88732491944885017
0.115938361156E+02  0.195652959147E+01  0.192610058768E+01     0  0.95817243474049429
0.116016875369E+02  0.197002542950E+01  0.152544864432E+01     0  0.98209607867846993
0.116093983870E+02  0.198051289467E+01  0.120590142075E+01     0  0.99548538036975942
0.116170744255E+02  0.198874693557E+01  0.948687151151E+00     0  1.0056049915483756
0.116247934882E+02  0.199523754041E+01  0.740666223997E+00     0  1.0142092103681593
0.116326222326E+02  0.200035106407E+01  0.572070190087E+00     0  1.0220177282628211
0.116406233482E+02  0.200436004976E+01  0.435400774486E+00     0  1.0294252609384045
0.116488598988E+02  0.200747208590E+01  0.324779662869E+00     0  1.0366801903794909
0.116573985675E+02  0.200984796774E+01  0.235526569389E+00     0  1.0439581399728541
0.116663125803E+02  0.201161376683E+01  0.163868452805E+00     0  1.0514020986635206
0.116756847920E+02  0.201286915550E+01  0.106730620867E+00     0  1.0591492097210602
0.116856113626E+02  0.201369327733E+01  0.615823456274E-01     0  1.0673523946972356
0.116962065116E+02  0.201414890861E+01  0.263206827630E-01     0  1.0762013587403596
0.117076090253E+02  0.201428534809E+01  -.817802135129E-03     0  1.0863923755864195
0.117199966292E+02  0.201414017050E+01  -.213311785330E-01     0  1.1083041367530910
0.117337258619E+02  0.201373516600E+01  -.366045223579E-01     0  1.1199012004090407
0.117491012460E+02  0.201308130690E+01  -.475940302181E-01     0  1.1341346285130187
0.117665390017E+02  0.201217945730E+01  -.551774217063E-01     0  1.1526090280431538
0.117866379162E+02  0.201101549624E+01  -.601481535335E-01     0  1.1772049508219968
0.118102984579E+02  0.200955201346E+01  -.632046583595E-01     0  1.2111024078483723
0.118389537969E+02  0.200771259065E+01  -.649436157223E-01     0  1.2601122444388300
0.118750627405E+02  0.200534853074E+01  -.658570482158E-01     0  1.3358889458426493
0.119233002791E+02  0.200215854153E+01  -.663341734445E-01     0  1.4650403871053028
0.119939702212E+02  0.199745778442E+01  -.666739083882E-01     0  1.7214317995106627
0.121156237070E+02  0.198931819787E+01  -.671382334186E-01     0  2.4046110983680156
0.124081530289E+02  0.196951394757E+01  -.682716576990E-01     0  3.0000000000000000
0.132857409947E+02  0.190797627505E+01  -.720821053320E-01     0  1.4249482631140886
0.145362584423E+02  0.181375995182E+01  -.789367143599E-01     0  0.87466030690658758
0.156300364168E+02  0.172321413867E+01  -.870552061914E-01     0  0.80849913011046082
0.165143549577E+02  0.164246254025E+01  -.960447089269E-01     0  0.79649057286460090
0.172187063390E+02  0.157154584405E+01  -.105820457226E+00     0  0.79808897543900403
0.177808414112E+02  0.150923451973E+01  -.116397156751E+00     0  0.80472296089687245
0.182332044109E+02  0.145411589391E+01  -.127844284694E+00     0  0.81498621258396642
0.186018740188E+02  0.140479519155E+01  -.140300802616E+00     0  0.82890006840133290
0.189074642820E+02  0.135992229273E+01  -.154015672717E+00     0  0.84587973739066402
0.191659568936E+02  0.131821480735E+01  -.169398245995E+00     0  0.86430694943988895
0.193893738541E+02  0.127848736753E+01  -.187077809865E+00     0  0.88228758997780632
0.195864918658E+02  0.123965155541E+01  -.207994915360E+00     0  0.89871971281285901
0.197636457087E+02  0.120065777857E+01  -.233576615154E+00     0  0.91373328074778981
0.199255170707E+02  0.116036653939E+01  -.266096443261E+00     0  0.92837642460985892
0.200757946270E+02  0.111732714063E+01  -.309442334222E+00     0  0.94360314180176152
0.202175970013E+02  0.106940737838E+01  -.370839089595E+00     0  0.95569871926298300
0.203531173488E+02  0.101333087119E+01  -.464611228425E+00     0  0.93234228646992756
0.204794686995E+02  0.946024429573E+00  -.615425848764E+00     0  0.80347160303727727
0.205302285606E+02  0.912537128616E+00  -.708273826905E+00     1  1.6577208235599072
0.206143742394E+02  0.844098237979E+00  -.938470155718E+00     0  0.71132437920534253
0.206742291121E+02  0.780585286473E+00  -.120296424758E+01     0  0.74679784577325115
0.207189286021E+02  0.720619788236E+00  -.149819063927E+01     0  0.80690035736823795
0.207549966366E+02  0.660830609899E+00  -.183559785444E+01     0  0.84619325402370527
0.207855171641E+02  0.599137902998E+00  -.222673991575E+01     0  0.87089231892710317
0.208120972570E+02  0.534175944713E+00  -.268262584608E+01     0  0.88848918478160932
0.208357133821E+02  0.464816177382E+00  -.321471542744E+01     0  0.90246785911968108
0.208570261759E+02  0.389962025721E+00  -.383530933984E+01     0  0.91453460775384110
0.208765174635E+02  0.308441942533E+00  -.455748011307E+01     0  0.92571336585093633
0.208945608089E+02  0.218929956234E+00  -.539454444776E+01     0  0.93674395723837445
0.209114628037E+02  0.119869444659E+00  -.635879892833E+01     0  0.94822884825310105
0.209274897628E+02  0.939459783977E-02  -.745886886589E+01     0  0.96062650049429255
0.209428856844E+02  -.114732287929E+00  -.869431569966E+01     0  0.97398863087915999
0.209578811369E+02  -.255082456750E+00  -.100447823415E+02     0  0.98707674879140461
0.209726827995E+02  -.414138349420E+00  -.114489807599E+02     0  0.99544262830436470
0.209874170054E+02  -.592784825643E+00  -.127704871157E+02     0  0.99131992098664046
0.210020233173E+02  -.787178893147E+00  -.137727954787E+02     0  0.97810614912825533
0.210163098407E+02  -.987686300356E+00  -.141794223737E+02     0  0.99219388036846945
0.210304848418E+02  -.118695952876E+01  -.137942004071E+02     0  1.1205839771139943
0.210463691210E+02  -.139604848017E+01  -.123693657950E+02     0  0.95889625937038470
0.210616004968E+02  -.156909583888E+01  -.102692698275E+02     0  0.74963649804290178
0.210730184920E+02  -.167628536431E+01  -.849915114830E+01     0  0.97563753494216154
0.210841583168E+02  -.176147195051E+01  -.681445462643E+01     0  1.1462551046649399
0.210969273977E+02  -.183721389332E+01  -.509625320962E+01     0  1.2345428279669828
0.211048093864E+02  -.187372755427E+01  -.418963686927E+01     1  1.2322030422311712
0.211145215968E+02  -.190967574309E+01  -.324427951439E+01     0  0.91562899353585692
0.211234143782E+02  -.193527498192E+01  -.253703100872E+01     0  0.92497562953940515
0.211316399843E+02  -.195387574530E+01  -.200367023667E+01     0  0.95863040471802674
0.211395253005E+02  -.196797638573E+01  -.158700719182E+01     0  0.97975895838159133
0.211472510096E+02  -.197891101995E+01  -.125525725477E+01     0  0.99356253136404138
0.211549269847E+02  -.198748613580E+01  -.988517631474E+00     0  1.0040260146496995
0.211626338633E+02  -.199424334359E+01  -.772920176677E+00     0  1.0128208524723179
0.211704395508E+02  -.199956899088E+01  -.598221036397E+00     0  1.0207306884373941
0.211784070555E+02  -.200374909374E+01  -.456591371568E+00     0  1.0281858935885839
0.211865991314E+02  -.200700075536E+01  -.341912613293E+00     0  1.0354529424410859
0.211950816406E+02  -.200949172402E+01  -.249324666236E+00     0  1.0427164078894340
0.212039264921E+02  -.201135328907E+01  -.174917217564E+00     0  1.0501226944814572
0.212132146713E+02  -.201268912897E+01  -.115509304752E+00     0  1.0578083391141220
0.212230397848E+02  -.201358153426E+01  -.684870588261E-01     0  1.0659221402616705
0.212335125908E+02  -.201409582143E+01  -.316818958227E-01     0  1.0746460011481374
0.212447671498E+02  -.201428341667E+01  -.327806747139E-02     0  1.0842183366877958
0.212569695492E+02  -.201418388125E+01  0.182577490491E-01     0  1.1050087054338253
0.212704533066E+02  -.201382179883E+01  0.343483282042E-01     0  1.1177653214105359
0.212855249831E+02  -.201320962612E+01  0.459983474006E-01     0  1.1314679498816811
0.213025781020E+02  -.201235020673E+01  0.540993990507E-01     0  1.1491187178449236
0.213221741602E+02  -.201123240988E+01  0.594600756207E-01     0  1.1725033376889016
0.213451506038E+02  -.200982358656E+01  0.627954559144E-01     0  1.2045170596057566
0.213728261220E+02  -.200805556469E+01  0.647197313364E-01     0  1.2503774661857225
0.214074309664E+02  -.200579558571E+01  0.657426483206E-01     0  1.3203641184257850
0.214531219613E+02  -.200277784572E+01  0.662703658007E-01     0  1.4373580884769694
0.215187962823E+02  -.199841321366E+01  0.666152223217E-01     0  1.6623755411510874
0.216279716673E+02  -.199111710336E+01  0.670370203251E-01     0  2.2207723730127906
0.218704253460E+02  -.197475164947E+01  0.679678607890E-01     0  3.0000000000000000
0.225977863822E+02  -.192422696880E+01  0.710303637074E-01     0  1.7611524058195716
0.238787800210E+02  -.182916115222E+01  0.777186492748E-01     0  0.88415817973208854
0.250113810249E+02  -.173684640381E+01  0.857161419320E-01     0  0.80977556070172796
0.259285336379E+02  -.165437516502E+01  0.945916657898E-01     0  0.79608680830325462
0.266586667343E+02  -.158196518771E+01  0.104249950697E+00     0  0.79713284203911039
0.272406798045E+02  -.151840009199E+01  0.114700612612E+00     0  0.80335692077090171
0.277082440325E+02  -.146225451892E+01  0.126006277759E+00     0  0.81312008400293612
0.280884298968E+02  -.141212295705E+01  0.138293422705E+00     0  0.82649972254714366
0.284026534081E+02  -.136664576453E+01  0.151790982060E+00     0  0.84309584347899635
0.286675739445E+02  -.132452743057E+01  0.166879958842E+00     0  0.86143244107948491
0.288957850888E+02  -.128456619058E+01  0.184150809423E+00     0  0.87958528559253968
0.290965162534E+02  -.124566068414E+01  0.204487278096E+00     0  0.89627996481086292
0.292764275745E+02  -.120676181043E+01  0.229223701154E+00     0  0.91146097029726125
0.294404097217E+02  -.116675571715E+01  0.260466263107E+00     0  0.92607674952726882
0.295922697757E+02  -.112425965198E+01  0.301773546975E+00     0  0.94122495648545323
0.297352042484E+02  -.107727903857E+01  0.359672278684E+00     0  0.95466196664162328
0.298716583531E+02  -.102272788060E+01  0.447035924078E+00     0  0.94157090226805040
0.300001395677E+02  -.957140445236E+00  0.587325314711E+00     0  0.82872001224931557
0.300533770446E+02  -.923618140142E+00  0.676159252537E+00     1  1.7183700166799030
0.300991178865E+02  -.890499915871E+00  0.776336117813E+00     1  1.5832114693828228
0.301715353122E+02  -.826608404624E+00  0.100635300181E+01     0  0.75261794352460376
0.302260379662E+02  -.764918404435E+00  0.127584808331E+01     0  0.77048603288488549
0.302680314998E+02  -.705323448339E+00  0.158048217772E+01     0  0.81981130599913732
0.303024582735E+02  -.645206855723E+00  0.193062623665E+01     0  0.85361362230000126
0.303318454365E+02  -.582789228575E+00  0.233736132629E+01     0  0.87591183322811716
0.303575860002E+02  -.516800325729E+00  0.281172070328E+01     0  0.89234357163532108
0.303805554269E+02  -.446133676169E+00  0.336536295382E+01     0  0.90570565322578445
0.304013589664E+02  -.369681865403E+00  0.401080994578E+01     0  0.91746173567004874
0.304204454179E+02  -.286240847555E+00  0.476126978819E+01     0  0.92853856187752215
0.304381679241E+02  -.194432729890E+00  0.562995788722E+01     0  0.93963278533551364
0.304548205720E+02  -.926288344828E-01  0.662855819497E+01     0  0.95131731723348811
0.304706625244E+02  0.211279932427E-01  0.776403664910E+01     0  0.96398700248009694
0.304859339605E+02  0.149172870441E+00  0.903217803101E+01     0  0.97748398099616240
0.305008615447E+02  0.294121694973E+00  0.104046390838E+02     0  0.98996317797798894
0.305156393033E+02  0.458256227647E+00  0.118044918932E+02     0  0.99585275346399726
0.305303557750E+02  0.641587028954E+00  0.130701867651E+02     0  0.98796382040605868
0.305448951166E+02  0.838601366565E+00  0.139440986761E+02     0  0.97697391829036495
0.305590996741E+02  0.103910870604E+01  0.141617632923E+02     0  1.0076347263351491
0.305734126795E+02  0.123845752851E+01  0.135471390146E+02     0  1.2297851003183962
0.305910146003E+02  0.146200523991E+01  0.116739379681E+02     0  0.77699139166489273
0.306046911412E+02  0.160825776646E+01  0.966618964294E+01     0  0.81114097728148038
0.306157847440E+02  0.170591066935E+01  0.794205723074E+01     0  1.0281098078095188
0.306271901858E+02  0.178676991655E+01  0.626429759185E+01     0  1.2725141818195296
0.306417037723E+02  0.186394742049E+01  0.443764152163E+01     0  0.88296917818602028
0.306545188218E+02  0.191235488918E+01  0.317161840379E+01     0  0.72316305458335206
0.306637861922E+02  0.193829223344E+01  0.245166459093E+01     0  0.88532192294136736
0.306719907983E+02  0.195621660929E+01  0.193526736517E+01     0  0.95748079853218404
0.306798465511E+02  0.196978417728E+01  0.153270916615E+01     0  0.98176551752483998
0.306875590584E+02  0.198032417859E+01  0.121172538035E+01     0  0.99525550351892167
0.306952349737E+02  0.198859834804E+01  0.953388743731E+00     0  1.0054177031151748
0.307029524748E+02  0.199512036646E+01  0.744474105264E+00     0  1.0140439119653033
0.307107783598E+02  0.200025891318E+01  0.575157600870E+00     0  1.0218639918796950
0.307187753500E+02  0.200428810333E+01  0.437902299027E+00     0  1.0292768648310742
0.307270064669E+02  0.200741663870E+01  0.326801716126E+00     0  1.0365329817130307
0.307355382910E+02  0.200980612996E+01  0.237154446561E+00     0  1.0438089790657188
0.307444438857E+02  0.201158326168E+01  0.165171305900E+00     0  1.0512482150173121
0.307538058762E+02  0.201284817765E+01  0.107765093369E+00     0  1.0589877276099819
0.307637201092E+02  0.201368039247E+01  0.623952879594E-01     0  1.0671799126403216
0.307743003796E+02  0.201414298263E+01  0.269512085318E-01     0  1.0760135038647880
0.307856848933E+02  0.201428549912E+01  -.336750193193E-03     0  1.0859219411827703
0.307980475866E+02  0.201414580477E+01  -.209675969580E-01     0  1.1080924974258324
0.308117465943E+02  0.201374597579E+01  -.363382112041E-01     0  1.1196456193492648
0.308270846282E+02  0.201309715605E+01  -.474062669924E-01     0  1.1338061137501176
0.308444749849E+02  0.201220045744E+01  -.550510581714E-01     0  1.1521779275252093
0.308645117700E+02  0.201104213255E+01  -.600678855745E-01     0  1.1766227999931882
0.308880875081E+02  0.200958536886E+01  -.631572057880E-01     0  1.2102842561703433
0.309166208529E+02  0.200775479069E+01  -.649178214107E-01     0  1.2588971401927227
0.309525413990E+02  0.200540373448E+01  -.658438971611E-01     0  1.3339381325867605
0.310004571851E+02  0.200223548962E+01  -.663266848419E-01     0  1.4615265502804444
0.310704873788E+02  0.199757777910E+01  -.666666643603E-01     0  1.7138045756238385
0.311905054451E+02  0.198954881186E+01  -.671252533685E-01     0  2.3796955672859763
0.314761119056E+02  0.197022090043E+01  -.682304772046E-01     0  3.0000000000000000
0.323329312870E+02  0.191021765887E+01  -.719349813792E-01     0  1.4635693506559337
0.335869458727E+02  0.181593849085E+01  -.787618450790E-01     0  0.87644785406540549
0.346860242652E+02  0.172515583835E+01  -.868616598868E-01     0  0.80878759619265750
0.355749452364E+02  0.164416325226E+01  -.958342757213E-01     0  0.79646172182951347
0.362829367637E+02  0.157303492457E+01  -.105592872405E+00     0  0.79795842361700975
0.368478845667E+02  0.151054541680E+01  -.116151230327E+00     0  0.80452528912736532
0.373023993613E+02  0.145528091631E+01  -.127577735994E+00     0  0.81471314540429518
0.376726985392E+02  0.140584533038E+01  -.140009463261E+00     0  0.82854965992038354
0.379795097971E+02  0.136088720852E+01  -.153692401851E+00     0  0.84547607277006542
0.382389113745E+02  0.131912224293E+01  -.169031725970E+00     0  0.86389306130874355
0.384630065974E+02  0.127936270114E+01  -.186650995712E+00     0  0.88190028280003996
0.386606362378E+02  0.124051838081E+01  -.207482329426E+00     0  0.89837012498582491
0.388381808025E+02  0.120153994382E+01  -.232938918343E+00     0  0.91340623741901672
0.390003511154E+02  0.116129190329E+01  -.265269127652E+00     0  0.92804359631787381
0.391508522357E+02  0.111833388778E+01  -.308311091981E+00     0  0.94326156765213875
0.392928141585E+02  0.107055434197E+01  -.369183680489E+00     0  0.95558585152856379
0.394284709633E+02  0.101470377926E+01  -.461993719706E+00     0  0.93385564899471407
0.395551548368E+02  0.947638004739E+00  -.611264506241E+00     0  0.80710703310613241
0.396062785594E+02  0.914137385509E+00  -.703549688205E+00     1  1.6653026346380821
0.396914150294E+02  0.845293048381E+00  -.933969055773E+00     0  0.70782685097526843
0.397516769089E+02  0.781628852714E+00  -.119821663626E+01     0  0.74499106100997980
0.397965714704E+02  0.721627988646E+00  -.149286523642E+01     0  0.80595123007237768
0.398327542975E+02  0.661855641368E+00  -.182946074461E+01     0  0.84566880281333323
0.398633529856E+02  0.600207680239E+00  -.221960048314E+01     0  0.87054631282475403
0.398899905606E+02  0.535310844809E+00  -.267429541949E+01     0  0.88822739133036155
0.399136507844E+02  0.466034688589E+00  -.320499308101E+01     0  0.90225033275404520
0.399349982293E+02  0.391283120782E+00  -.382397934219E+01     0  0.91433980166372630
0.399545170477E+02  0.309886557468E+00  -.454431651989E+01     0  0.92552694021428428
0.399725822400E+02  0.220522272939E+00  -.537932498839E+01     0  0.93655471691171488
0.399895012811E+02  0.121638209515E+00  -.634133544335E+01     0  0.94802751814990405
0.400055409976E+02  0.113744260769E-01  -.743906983443E+01     0  0.96040738558201810
0.400209456598E+02  -.112500283986E+00  -.867231284492E+01     0  0.97375775344083115
0.400359460691E+02  -.252553254951E+00  -.100211835384E+02     0  0.98687519215161690
0.400507496009E+02  -.411276546412E+00  -.114253402210E+02     0  0.99538351528072189
0.400654847924E+02  -.589604543115E+00  -.127499468199E+02     0  0.99151561475523953
0.400800949649E+02  -.783800977500E+00  -.137600503347E+02     0  0.97825058870074200
0.400943873747E+02  -.984290597645E+00  -.141787133358E+02     0  0.99140926828193632
0.401085570022E+02  -.118358016387E+01  -.138081722670E+02     0  1.1157488711316963
0.401243667482E+02  -.139209176092E+01  -.124071399476E+02     0  0.96526258494001460
0.401396273044E+02  -.156610917636E+01  -.103132518885E+02     0  0.75045127869571959
0.401510796083E+02  -.167410529804E+01  -.853895803744E+01     0  0.97163291827063070
0.401622070438E+02  -.175963844402E+01  -.685342258972E+01     0  1.1403185672675225
0.401748958651E+02  -.183543007591E+01  -.513920725243E+01     0  1.2723730078222475
0.401829683220E+02  -.187306388505E+01  -.420658885678E+01     1  1.2112232221423660
0.401927458692E+02  -.190937446126E+01  -.325242963941E+01     0  0.91126140389646904
0.402016557706E+02  -.193508290595E+01  -.254244991921E+01     0  0.92377006848800847
0.402098864709E+02  -.195373427459E+01  -.200779400409E+01     0  0.95829416272325996
0.402177739028E+02  -.196786769711E+01  -.159026437558E+01     0  0.97960592146386016
0.402255004779E+02  -.197882614035E+01  -.125786617874E+01     0  0.99345882602944935
0.402331765121E+02  -.198741935133E+01  -.990622116332E+00     0  1.0039428467776030
0.402408828118E+02  -.199419067650E+01  -.774623998891E+00     0  1.0127482139365624
0.402486873529E+02  -.199952754088E+01  -.599602417479E+00     0  1.0206636245772207
0.402566531642E+02  -.200371668239E+01  -.457710868599E+00     0  1.0281215012050493
0.402648429861E+02  -.200697571224E+01  -.342817986488E+00     0  1.0353893182474052
0.402733226402E+02  -.200947274896E+01  -.250054118944E+00     0  1.0426521448846093
0.402821639697E+02  -.201133935913E+01  -.175501667889E+00     0  1.0500565840242417
0.402914478660E+02  -.201267943368E+01  -.115974036831E+00     0  1.0577391580613036
0.403012678066E+02  -.201357542968E+01  -.688529527657E-01     0  1.0658484678216100
0.403117343753E+02  -.201409279766E+01  -.319663575169E-01     0  1.0745660302741662
0.403229813944E+02  -.201428307567E+01  -.349573640102E-02     0  1.0841296450492106
0.403351746213E+02  -.201418592317E+01  0.180944610675E-01     0  1.1048167783382117
0.403486459029E+02  -.201382607227E+01  0.342281108181E-01     0  1.1176561903630609
0.403637021642E+02  -.201321605971E+01  0.459130167734E-01     0  1.1313330064030100
0.403807358096E+02  -.201235882803E+01  0.540414946143E-01     0  1.1489425015701014
0.404003064887E+02  -.201124339544E+01  0.594229119629E-01     0  1.1722666612223154
0.404232485434E+02  -.200983734861E+01  0.627732038715E-01     0  1.2041868971882088
0.404508750650E+02  -.200807292016E+01  0.647074657223E-01     0  1.2498921434761190
0.404854052374E+02  -.200581812514E+01  0.657363622036E-01     0  1.3195963438637768
0.405309711266E+02  -.200280885714E+01  0.662669364517E-01     0  1.4360056952385742
0.405964040029E+02  -.199846047015E+01  0.666122506272E-01     0  1.6595502029741975
0.407049931462E+02  -.199120395694E+01  0.670321339932E-01     0  2.2124622262733515
0.409452425238E+02  -.197498951016E+01  0.679541355367E-01     0  3.0000000000000000
0.416659906566E+02  -.192494505918E+01  0.709846771053E-01     0  1.7795732237475086
0.429486147349E+02  -.182982016793E+01  0.776674582172E-01     0  0.88438765088786486
0.440829516305E+02  -.173742449954E+01  0.856603610490E-01     0  0.80978850371304179
0.450015246079E+02  -.165487882096E+01  0.945312924621E-01     0  0.79605867703273714
0.457327625970E+02  -.158240512868E+01  0.104184749008E+00     0  0.79709005650928710
0.463156251271E+02  -.151878673507E+01  0.114630205630E+00     0  0.80330001434709375
0.467838386059E+02  -.146259748704E+01  0.125930039588E+00     0  0.81304351403302333
0.471645165380E+02  -.141243133706E+01  0.138210236942E+00     0  0.82640099525343469
0.474791091600E+02  -.136692822826E+01  0.151698925650E+00     0  0.84298040303496313
0.477443045752E+02  -.132479211051E+01  0.166775955886E+00     0  0.86131221077647546
0.479727206246E+02  -.128482053542E+01  0.184030206201E+00     0  0.87947160291796189
0.481736060537E+02  -.124591157472E+01  0.204343130645E+00     0  0.89617726778311413
0.483536350087E+02  -.120701608527E+01  0.229045360760E+00     0  0.91136581358093116
0.485177072437E+02  -.116702117819E+01  0.260236444361E+00     0  0.92598111129527783
0.486696350342E+02  -.112454675727E+01  0.301461991721E+00     0  0.94112530029001218
0.488126181217E+02  -.107760371360E+01  0.359221363973E+00     0  0.95460699527539483
0.489491107772E+02  -.102311412858E+01  0.446330430950E+00     0  0.94189456673763616
0.490776724679E+02  -.957600593342E+00  0.586190502219E+00     0  0.82976848662036107
0.491310106876E+02  -.924079837297E+00  0.674851355832E+00     1  1.7213395858231202
0.491769172821E+02  -.890901518599E+00  0.775044993671E+00     1  1.5816906191850475
0.492495273121E+02  -.826935397719E+00  0.100504937536E+01     0  0.75188279594629748
0.493041215444E+02  -.765216231168E+00  0.127443433989E+01     0  0.77007208047539766
0.493461630384E+02  -.705616644527E+00  0.157887843166E+01     0  0.81958494323942865
0.493806196140E+02  -.645507510226E+00  0.192877127821E+01     0  0.85347988910939820
0.494100276082E+02  -.583104563982E+00  0.233520083721E+01     0  0.87581945668421413
0.494357837018E+02  -.517136018161E+00  0.280919914070E+01     0  0.89227169212280577
0.494587651350E+02  -.446495085168E+00  0.336242077873E+01     0  0.90564466491020923
0.494795781473E+02  -.370074617479E+00  0.400738346487E+01     0  0.91740611804383188
0.494986721322E+02  -.286671239262E+00  0.475729308355E+01     0  0.92848446082102798
0.495164006004E+02  -.194908099877E+00  0.562536784142E+01     0  0.93957710165195163
0.495330578632E+02  -.931579512442E-01  0.662330521432E+01     0  0.95125753471402175
0.495489032100E+02  0.205345729735E-01  0.775810655680E+01     0  0.96392200997123711
0.495641768885E+02  0.148502755293E+00  0.902563631050E+01     0  0.97741729792454990
0.495791056460E+02  0.293361935146E+00  0.103977184204E+02     0  0.98991132210181354
0.495938837922E+02  0.457398780221E+00  0.117977478558E+02     0  0.99585391881579433
0.496086006669E+02  0.640642840904E+00  0.130646719851E+02     0  0.98803367110345020
0.496231414347E+02  0.837613824317E+00  0.139412192460E+02     0  0.97697384946342192
0.496373473845E+02  0.103812533429E+01  0.141626094742E+02     0  1.0072693719064447
0.496516566027E+02  0.123746536144E+01  0.135525133471E+02     0  1.2271281955927578
0.496692158479E+02  0.146065134758E+01  0.116894806098E+02     0  0.78093373253878928
0.496829284547E+02  0.160748559385E+01  0.967855889713E+01     0  0.80928421225187963
0.496940258509E+02  0.170530631602E+01  0.795372465035E+01     0  1.0270868881789794
0.497054238410E+02  0.178624641626E+01  0.627591987714E+01     0  1.2685003293704316
0.497198821953E+02  0.186333072201E+01  0.445315227280E+01     0  0.88890690427956864
0.497327343262E+02  0.191203206817E+01  0.318038865685E+01     0  0.72238137230578692
0.497420184662E+02  0.193808390187E+01  0.245757209426E+01     0  0.88428755300929074
0.497502283156E+02  0.195606232550E+01  0.193978412391E+01     0  0.95713188577552499
0.497580862242E+02  0.196966529578E+01  0.153628552421E+01     0  0.98160168541296955
0.497657995606E+02  0.198023119913E+01  0.121459374021E+01     0  0.99514218816349775
0.497734754271E+02  0.198852514398E+01  0.955704164929E+00     0  1.0053255413601454
0.497811921716E+02  0.199506263832E+01  0.746349335812E+00     0  1.0139626495797769
0.497890166624E+02  0.200021350983E+01  0.576678024271E+00     0  1.0217884636080647
0.497970116369E+02  0.200425264958E+01  0.439134225760E+00     0  1.0292039950552179
0.498052400965E+02  0.200738930863E+01  0.327797565364E+00     0  1.0364607210585066
0.498137685716E+02  0.200978549974E+01  0.237956226221E+00     0  1.0437357814101706
0.498226700464E+02  0.201156820966E+01  0.165813067836E+00     0  1.0511727194517317
0.498320270337E+02  0.201283781452E+01  0.108274725785E+00     0  1.0589085247970691
0.498419352274E+02  0.201367401165E+01  0.627958541554E-01     0  1.0670953382707993
0.498525082147E+02  0.201414002536E+01  0.272619605066E-01     0  1.0759214203826846
0.498638839183E+02  0.201428553074E+01  -.995998515724E-04     0  1.0856907066475923
0.498762344139E+02  0.201414853146E+01  -.207882774781E-01     0  1.1079889282876803
0.498899186262E+02  0.201375124539E+01  -.362067962408E-01     0  1.1195205988059789
0.499052383839E+02  0.201310490017E+01  -.473135534753E-01     0  1.1336454539753511
0.499226055575E+02  0.201221072866E+01  -.549886134983E-01     0  1.1519671742795663
0.499426119714E+02  0.201105516564E+01  -.600281809079E-01     0  1.1763383487194958
0.499661462833E+02  0.200960168981E+01  -.631337049962E-01     0  1.2098847739287193
0.499946200889E+02  0.200777543270E+01  -.649050303149E-01     0  1.2583044222312032
0.500304488044E+02  0.200543071811E+01  -.658373735704E-01     0  1.3329878891494464
0.500782080483E+02  0.200227305433E+01  -.663229869620E-01     0  1.4598186497620826
0.501479278832E+02  0.199763622652E+01  -.666631242971E-01     0  1.7101112695561471
0.502671565586E+02  0.198966064581E+01  -.671189596480E-01     0  2.3677645129444911
0.505494619851E+02  0.197055976373E+01  -.682107577283E-01     0  3.0000000000000000
0.513963782648E+02  0.191128683038E+01  -.718650367636E-01     0  1.4827402270029488
0.526521351015E+02  0.181697192088E+01  -.786791929821E-01     0  0.87725024315985556
0.537537480918E+02  0.172607551356E+01  -.867703189145E-01     0  0.80891298929816302
0.546448571489E+02  0.164496836422E+01  -.957350090570E-01     0  0.79644502613200541
0.553545765251E+02  0.157373967872E+01  -.105485529954E+00     0  0.79789602504469426
0.559208587944E+02  0.151116572489E+01  -.116035245695E+00     0  0.80443206010812840
0.563763944068E+02  0.145583207928E+01  -.127452039308E+00     0  0.81458467014019753
0.567474667334E+02  0.140634200228E+01  -.139872103336E+00     0  0.82838468107425123
0.570548573643E+02  0.136134341094E+01  -.153540033649E+00     0  0.84528569469527104
0.573146902673E+02  0.131955109501E+01  -.168859042507E+00     0  0.86369752300232205
0.575391073020E+02  0.127977620514E+01  -.186450000651E+00     0  0.88171710026609207
0.577369796391E+02  0.124092768622E+01  -.207241073244E+00     0  0.89820478018114291
0.579147095181E+02  0.120195629824E+01  -.232638964930E+00     0  0.91325173120491876
0.580770216378E+02  0.116172841092E+01  -.264880280541E+00     0  0.92788656932965774
0.582276288737E+02  0.111880846587E+01  -.307779916761E+00     0  0.94310005622326654
0.583696665664E+02  0.107109456425E+01  -.368407354654E+00     0  0.95552787608165313
0.585053875412E+02  0.101535000815E+01  -.460767595159E+00     0  0.93454821041359770
0.586322253353E+02  0.948398862044E+00  -.609312044731E+00     0  0.80882677718721696
0.586835202375E+02  0.914892891856E+00  -.701329519006E+00     1  1.6690121462538432
0.587263261448E+02  0.882820589923E+00  -.801390623285E+00     1  1.6099790421378788
0.587952427585E+02  0.820254059947E+00  -.103194676756E+01     0  0.76596732029410086
0.588480306324E+02  0.759087887068E+00  -.130374404506E+01     0  0.77820596008284026
0.588891104705E+02  0.699565583723E+00  -.161218445458E+01     0  0.82409566925608702
0.589229641872E+02  0.639293787502E+00  -.196731575523E+01     0  0.85617816032966143
0.589519490001E+02  0.576581903002E+00  -.238010207200E+01     0  0.87769758069719239
0.589773889002E+02  0.510188054214E+00  -.286160610065E+01     0  0.89374011088691818
0.590001255593E+02  0.439011215034E+00  -.342356605344E+01     0  0.90689522564770941
0.590207453270E+02  0.361938282051E+00  -.407858445356E+01     0  0.91855028600776167
0.590396856204E+02  0.277751685369E+00  -.483990978594E+01     0  0.92960070468600620
0.590572925306E+02  0.185052699840E+00  -.572069505672E+01     0  0.94072880695346373
0.590738558582E+02  0.821841913517E-01  -.673234340008E+01     0  0.95249582342136163
0.590896323585E+02  -.328463700443E-01  -.788109440911E+01     0  0.96526729150230484
0.591048608983E+02  -.162409732672E+00  -.916110655414E+01     0  0.97878897750789251
0.591197664251E+02  -.309129963199E+00  -.105406339037E+02     0  0.99094922671035013
0.591345370454E+02  -.475183033099E+00  -.119362209471E+02     0  0.99575458152867868
0.591492449583E+02  -.660188488000E+00  -.131764694640E+02     0  0.98656447532226366
0.591637552626E+02  -.857998497167E+00  -.139973039882E+02     0  0.97718003498811135
0.591779344423E+02  -.105839775753E+01  -.141410632093E+02     0  1.0154487059562756
0.591923326719E+02  -.125799737945E+01  -.134362803391E+02     0  1.1896667875667024
0.592094617676E+02  -.147332774677E+01  -.115418373895E+02     0  0.77462740011399922
0.592227304344E+02  -.161371860923E+01  -.957815940828E+01     0  0.83475795984115486
0.592338065596E+02  -.171025600918E+01  -.785779368817E+01     0  1.0347197681932114
0.592452672454E+02  -.179053624337E+01  -.618038272949E+01     0  1.3048289300880473
0.592602214797E+02  -.186852839314E+01  -.432194840446E+01     0  0.84036887972544527
0.592727885528E+02  -.191485851225E+01  -.310344590439E+01     0  0.72790702191024415
0.592819362136E+02  -.193993921245E+01  -.240488826024E+01     0  0.89257937798798115
0.592901012270E+02  -.195744111038E+01  -.189937260690E+01     0  0.96008544775877702
0.592979403375E+02  -.197072867934E+01  -.150426225868E+01     0  0.98304710825434127
0.593056465524E+02  -.198106321185E+01  -.118890111997E+01     0  0.99615506894426664
0.593133231375E+02  -.198918029679E+01  -.934960593340E+00     0  1.0061529942524472
0.593210469565E+02  -.199557927221E+01  -.729548003896E+00     0  1.0146940863576497
0.593288842700E+02  -.200061976282E+01  -.563055550049E+00     0  1.0224694724050061
0.593368976838E+02  -.200456975042E+01  -.428097266652E+00     0  1.0298618606439247
0.593451503931E+02  -.200763358766E+01  -.318876792817E+00     0  1.0371137062079727
0.593537093909E+02  -.200996969720E+01  -.230775343300E+00     0  1.0443977416302446
0.593626483890E+02  -.201170236521E+01  -.160066915634E+00     0  1.0518559314028442
0.593720509271E+02  -.201292988974E+01  -.103713282338E+00     0  1.0596257796089004
0.593820140989E+02  -.201373033174E+01  -.592122748431E-01     0  1.0678618056177360
0.593926533895E+02  -.201416559047E+01  -.244835197518E-01     0  1.0767566322257980
0.594041093163E+02  -.201428422639E+01  0.221840732426E-02     0  1.0877728567730522
0.594165707624E+02  -.201412295647E+01  0.223885106832E-01     0  1.1089324766477038
0.594303896648E+02  -.201370274803E+01  0.373778950325E-01     0  1.1206608403320677
0.594458759675E+02  -.201303406136E+01  0.481383752539E-01     0  1.1351116511896584
0.594634546501E+02  -.201211701973E+01  0.555429991375E-01     0  1.1538923858377592
0.594837385582E+02  -.201093638334E+01  0.603797698866E-01     0  1.1789403613906451
0.595076520761E+02  -.200945294613E+01  0.633411478790E-01     0  1.2135459864084579
0.595366722297E+02  -.200758714490E+01  0.650175576911E-01     0  1.2637510161529921
0.595733464784E+02  -.200518411719E+01  0.658947216946E-01     0  1.3417531263102496
0.596225542662E+02  -.200192858598E+01  0.663558977782E-01     0  1.4756646138050209
0.596951684575E+02  -.199709699962E+01  0.666955112495E-01     0  1.7447291839867445
0.598218605560E+02  -.198861646891E+01  0.671777470352E-01     0  2.4831491492823639
0.601364559328E+02  -.196729198408E+01  0.684014488125E-01     0  3.0000000000000000
0.610802420633E+02  -.190083756856E+01  0.725551939189E-01     0  1.3145621126044693
0.623209075527E+02  -.180672036051E+01  0.795077170779E-01     0  0.86809452571190326
0.633979224723E+02  -.171691484671E+01  0.876897219249E-01     0  0.80736199003496711
0.642674633811E+02  -.163693741240E+01  0.967353873410E-01     0  0.79652971832054131
0.649600785563E+02  -.156670499712E+01  0.106567709422E+00     0  0.79850304818640527
0.655131338849E+02  -.150497066598E+01  0.117204804865E+00     0  0.80537276380287259
0.659585495834E+02  -.145032414644E+01  0.128719943967E+00     0  0.81588941784522129
0.663219595384E+02  -.140137452111E+01  0.141258465931E+00     0  0.83005642409491942
0.666236103061E+02  -.135677595510E+01  0.155079255734E+00     0  0.84720515360192483
0.668791703911E+02  -.131525239862E+01  0.170605541775E+00     0  0.86565915525635606
0.671003983183E+02  -.127562620992E+01  0.188485663171E+00     0  0.88354902092538268
0.672958640369E+02  -.123681459994E+01  0.209688358564E+00     0  0.89985839316491034
0.674717555043E+02  -.119776669248E+01  0.235687254629E+00     0  0.91480214444661490
0.676326613959E+02  -.115732910244E+01  0.268840819330E+00     0  0.92946836522838705
0.677822183319E+02  -.111401605505E+01  0.313205703484E+00     0  0.94471554309447436
0.679235070939E+02  -.106562588525E+01  0.376366452791E+00     0  0.95596664363455752
0.680585744375E+02  -.100879644165E+01  0.473379072095E+00     0  0.92693586935944561
0.681837732031E+02  -.940724594643E+00  0.629292771764E+00     0  0.79167709764953031
0.682333317008E+02  -.907299127302E+00  0.723942406711E+00     1  1.6353946239953576
0.683143794015E+02  -.840108653189E+00  0.953625975068E+00     0  0.72225665774927883
0.683729166429E+02  -.777073881728E+00  0.121903761026E+01     0  0.75264296781125417
0.684169742860E+02  -.717216807336E+00  0.151625586191E+01     0  0.81000477938591542
0.684526611874E+02  -.657366254106E+00  0.185642911771E+01     0  0.84792885432585852
0.684829211409E+02  -.595519666864E+00  0.225097801742E+01     0  0.87204577397945837
0.685093092055E+02  -.530335512580E+00  0.271090865948E+01     0  0.88936555586016197
0.685327778412E+02  -.460691189540E+00  0.324772306910E+01     0  0.90319824140027727
0.685539746717E+02  -.385488270720E+00  0.387377175595E+01     0  0.91519039521754042
0.685733738074E+02  -.303548416867E+00  0.460216063764E+01     0  0.92634240496474929
0.685913440494E+02  -.213534538518E+00  0.544619141052E+01     0  0.93738377293534936
0.686081890626E+02  -.113874436139E+00  0.641804005390E+01     0  0.94891048135722733
0.686241734722E+02  -.268234391565E-02  0.752599456361E+01     0  0.96136840066232254
0.686395403786E+02  0.122301331067E+00  0.876884038493E+01     0  0.97476791272577756
0.686545195458E+02  0.263660241020E+00  0.101245690982E+02     0  0.98774784280218497
0.686693151859E+02  0.423841299034E+00  0.115286226612E+02     0  0.99561406442463063
0.686840459332E+02  0.603554991844E+00  0.128391491577E+02     0  0.99063311044932667
0.686986386993E+02  0.798593980873E+00  0.138145269040E+02     0  0.97767457185855189
0.687129056756E+02  0.999143774701E+00  0.141801233765E+02     0  0.99503903479134415
0.687271018740E+02  0.119837746836E+01  0.137449750277E+02     0  1.1384782806643554
0.687432639375E+02  0.140966763571E+01  0.122359760656E+02     0  0.93676094512603736
0.687584039273E+02  0.157944686918E+01  0.101146470367E+02     0  0.74682095942646820
0.687697107891E+02  0.168390900160E+01  0.835867265733E+01     0  0.98971276887864457
0.687809013346E+02  0.176791507445E+01  0.667655129787E+01     0  1.1693997919859236
0.687939875561E+02  0.184359928009E+01  0.494148421023E+01     0  1.1228550858832291
0.688013345213E+02  0.187678766609E+01  0.411124216845E+01     1  1.2927659716872713
0.688108324279E+02  0.191136055417E+01  0.319863017015E+01     0  0.92856266925530140
0.688196518294E+02  0.193640847025E+01  0.250501696041E+01     0  0.92958757907685763
0.688278502356E+02  0.195471693214E+01  0.197912810124E+01     0  0.96032183086530698
0.688357233439E+02  0.196862339091E+01  0.156760228813E+01     0  0.98064172599495536
0.688434440425E+02  0.197941647421E+01  0.123970951546E+01     0  0.99417810486196467
0.688511197920E+02  0.198788389090E+01  0.975974118975E+00     0  1.0045223145638815
0.688588302536E+02  0.199455701918E+01  0.762764017609E+00     0  1.0132552590210631
0.688666429194E+02  0.199981582828E+01  0.589986781517E+00     0  1.0211323244182233
0.688746206850E+02  0.200394205254E+01  0.449918441873E+00     0  1.0285719218767195
0.688828263906E+02  0.200714977832E+01  0.336516488717E+00     0  1.0358346545356911
0.688913261449E+02  0.200960455311E+01  0.244977671272E+00     0  1.0431021857791247
0.689001922572E+02  0.201143601701E+01  0.171435032036E+00     0  1.0505197746141712
0.689095062835E+02  0.201274658383E+01  0.112741149326E+00     0  1.0582240802309137
0.689193626104E+02  0.201361755209E+01  0.663083805443E-01     0  1.0663651201589264
0.689298730536E+02  0.201411343896E+01  0.299888366314E-01     0  1.0751271524427533
0.689411731165E+02  0.201428500288E+01  0.198325315380E-02     0  1.0847523322894688
0.689534308861E+02  0.201417121772E+01  -.192284138479E-01     0  1.1061583693503627
0.689669899205E+02  0.201379577215E+01  -.350622244888E-01     0  1.1184244287434992
0.689821546758E+02  0.201317064892E+01  -.465044425466E-01     0  1.1322836885733600
0.689993254809E+02  0.201229809139E+01  -.544423052132E-01     0  1.1501846969270721
0.690190750781E+02  0.201116606361E+01  -.596797374030E-01     0  1.1739364728961204
0.690422598507E+02  0.200974048125E+01  -.629266708541E-01     0  1.2065190138234123
0.690702327195E+02  0.200795070051E+01  -.647918697020E-01     0  1.2533258337280233
0.691052918387E+02  0.200565922053E+01  -.657795742108E-01     0  1.3250410477358534
0.691517466108E+02  0.200258978011E+01  -.662906542134E-01     0  1.4456299789038514
0.692189030219E+02  0.199812542964E+01  -.666331644934E-01     0  1.6797767940666213
0.693317108029E+02  0.199058391144E+01  -.670670150117E-01     0  2.2728766132601961
0.695881089701E+02  0.197326245427E+01  -.680539315547E-01     0  3.0000000000000000
0.703573034718E+02  0.191969098093E+01  -.713204765674E-01     0  1.6526997408129747
0.716285510253E+02  0.182495682037E+01  -.780470070520E-01     0  0.88234130734272853
0.727502252536E+02  0.173314803026E+01  -.860749095036E-01     0  0.80961178447479243
0.736583459272E+02  0.165115003984E+01  -.949802760522E-01     0  0.79624524912991779
0.743814326992E+02  0.157914693064E+01  -.104669741773E+00     0  0.79740213393314907
0.749580236342E+02  0.151592257538E+01  -.115153968835E+00     0  0.80372284815784623
0.754214429427E+02  0.146005619219E+01  -.126497255030E+00     0  0.81361478787077912
0.757984877451E+02  0.141014554034E+01  -.138829288397E+00     0  0.82713718268824443
0.761103555207E+02  0.136483360952E+01  -.152384244757E+00     0  0.84383943012026108
0.763735218467E+02  0.132282837142E+01  -.167550595468E+00     0  0.86220488237603965
0.766004251379E+02  0.128293245966E+01  -.184929019842E+00     0  0.88031436870727287
0.768001713654E+02  0.124404811354E+01  -.205418134721E+00     0  0.89693843494301795
0.769793314341E+02  0.120512638688E+01  -.230376398331E+00     0  0.91207199962945806
0.771427383163E+02  0.116504703338E+01  -.261953303889E+00     0  0.92669215748239131
0.772941661924E+02  0.112240988964E+01  -.303792259969E+00     0  0.94186502491664315
0.774367908127E+02  0.107518470771E+01  -.362599186435E+00     0  0.95499479343700489
0.775729965826E+02  0.102023371429E+01  -.451623498218E+00     0  0.93937674076347044
0.777009451147E+02  0.954174686873E+00  -.594693325133E+00     0  0.82195767567835365
0.777535292538E+02  0.920648325392E+00  -.684629620473E+00     1  1.7001626036028632
0.777982300471E+02  0.887904754424E+00  -.784725166956E+00     1  1.5927278029026191
0.778694262435E+02  0.824482365314E+00  -.101486093235E+01     0  0.75727893318607431
0.779233416232E+02  0.762976599239E+00  -.128509227051E+01     0  0.77313681559085023
0.779650255881E+02  0.703409595975E+00  -.159097588571E+01     0  0.82126880809003011
0.779992593284E+02  0.643243244707E+00  -.194276633462E+01     0  0.85447893678508047
0.780285113383E+02  0.580729060185E+00  -.235150202328E+01     0  0.87651134274494602
0.780541510568E+02  0.514606645882E+00  -.282822487944E+01     0  0.89281092732001477
0.780770424777E+02  0.443771502061E+00  -.338461972108E+01     0  0.90610276371869114
0.780977844574E+02  0.367114417028E+00  -.403323542660E+01     0  0.91782433184264389
0.781168219510E+02  0.283426926678E+00  -.478729423266E+01     0  0.92889166964363445
0.781345057203E+02  0.191324291332E+00  -.565999238116E+01     0  0.93999656485018757
0.781511284027E+02  0.891684537848E-01  -.666292372625E+01     0  0.95170809733603168
0.781669483441E+02  -.250094454856E-01  -.780281933488E+01     0  0.96441173838414307
0.781822052813E+02  -.153556454440E+00  -.907493659428E+01     0  0.97791875563639241
0.781971253263E+02  -.299091787367E+00  -.104498265489E+02     0  0.99029786271214504
0.782119006150E+02  -.463864055714E+00  -.118484310655E+02     0  0.99583608724072925
0.782266143807E+02  -.647757673907E+00  -.131059444029E+02     0  0.98750412028544454
0.782411442850E+02  -.845048266830E+00  -.139624920171E+02     0  0.97699847540124618
0.782553399793E+02  -.104552504662E+01  -.141557460784E+02     0  1.0100947402505696
0.782696789754E+02  -.124494024765E+01  -.135114199603E+02     0  1.2160402459140860
0.782871157718E+02  -.146566469771E+01  -.116316570933E+02     0  0.77626676610168499
0.783006513774E+02  -.160992871576E+01  -.963935669030E+01     0  0.81917570699675180
0.783117394167E+02  -.170723914794E+01  -.791636550996E+01     0  1.0300933882089383
0.783231611326E+02  -.178791905313E+01  -.623875004848E+01     0  1.2817624601295927
0.783378010593E+02  -.186531846721E+01  -.440310358471E+01     0  0.86994839708545435
0.783505370400E+02  -.191308553021E+01  -.315175184234E+01     0  0.72477075869335739
0.783597677065E+02  -.193876749358E+01  -.243818013748E+01     0  0.88756985128623622
0.783679605677E+02  -.195656912366E+01  -.192494236428E+01     0  0.95825839751546837
0.783758114458E+02  -.197005590976E+01  -.152453106390E+01     0  0.98213767303660326
0.783835220889E+02  -.198053674007E+01  -.120516531874E+01     0  0.99551441702187937
0.783911981453E+02  -.198876571130E+01  -.948092876270E+00     0  1.0056286790411200
0.783989174078E+02  -.199525234656E+01  -.740184901613E+00     0  1.0142301318059559
0.784067465164E+02  -.200036270763E+01  -.571679935653E+00     0  1.0220371960458079
0.784147481566E+02  -.200436913938E+01  -.435084582719E+00     0  1.0294440592551950
0.784229853975E+02  -.200747908969E+01  -.324524085449E+00     0  1.0366988433365039
0.784315249357E+02  -.200985325084E+01  -.235320825512E+00     0  1.0439770444504288
0.784404400175E+02  -.201161761695E+01  -.163703800997E+00     0  1.0514216055342021
0.784498135271E+02  -.201287180079E+01  -.106599900037E+00     0  1.0591696838204825
0.784597416644E+02  -.201369489903E+01  -.614796321144E-01     0  1.0673742680874090
0.784703387026E+02  -.201414965002E+01  -.262410306151E-01     0  1.0762251872666857
0.784817435020E+02  -.201428532062E+01  0.878558957806E-03     0  1.0864519242385076
0.784941342683E+02  -.201413944893E+01  0.213770833279E-01     0  1.1083310160644773
0.785078673389E+02  -.201373378910E+01  0.366381325707E-01     0  1.1199336707880876
0.785232474671E+02  -.201307929162E+01  0.476177157037E-01     0  1.1341763721117901
0.785406912451E+02  -.201217678906E+01  0.551933523996E-01     0  1.1526638219399561
0.785607980569E+02  -.201101211290E+01  0.601582654158E-01     0  1.1772789723980059
0.785844693836E+02  -.200954777670E+01  0.632106308070E-01     0  1.2112064933808446
0.786131402482E+02  -.200770722915E+01  0.649468590594E-01     0  1.2602669460878986
0.786492731912E+02  -.200534151335E+01  0.658587014316E-01     0  1.3361375812922105
0.786975517743E+02  -.200214875067E+01  0.663351181422E-01     0  1.4654889667631981
0.787683035051E+02  -.199744249019E+01  0.666748294586E-01     0  1.7224082777130050
0.788901668719E+02  -.198928870581E+01  0.671398935502E-01     0  2.4078282974375811
0.791835929349E+02  -.196942273229E+01  0.682769750725E-01     0  3.0000000000000000
0.800638711240E+02  -.190768601753E+01  0.721012068631E-01     0  1.4200959847199910
0.813139506459E+02  -.181347666544E+01  0.789595168503E-01     0  0.87441866768808574
0.824070435158E+02  -.172296136365E+01  0.870804725872E-01     0  0.80845928451797422
0.832907645954E+02  -.164224105131E+01  0.960721888113E-01     0  0.79649370991037871
0.839946428766E+02  -.157135188081E+01  0.105850180000E+00     0  0.79810585836522863
0.845564122563E+02  -.150906374191E+01  0.116429276805E+00     0  0.80474878048322318
0.850084954796E+02  -.145396409494E+01  0.127879101160E+00     0  0.81502194388352178
0.853769532271E+02  -.140465833173E+01  0.140338863068E+00     0  0.82894589420720788
0.856823847640E+02  -.135979650516E+01  0.154057914664E+00     0  0.84593245839357789
0.859407592149E+02  -.131809647601E+01  0.169446154154E+00     0  0.86436093394772162
0.861640879966E+02  -.127837318485E+01  0.187133619510E+00     0  0.88233806502873469
0.863611394817E+02  -.123953844453E+01  0.208061968256E+00     0  0.89876527220958280
0.865382425134E+02  -.120054262472E+01  0.233660074373E+00     0  0.91377593965467241
0.867000750026E+02  -.116024569652E+01  0.266204782677E+00     0  0.92841988280039001
0.868503235032E+02  -.111719560188E+01  0.309590585377E+00     0  0.94364766241664000
0.869921051496E+02  -.106925742265E+01  0.371056242305E+00     0  0.95571242864192718
0.871276076312E+02  -.101315128840E+01  0.464954882678E+00     0  0.93214009571598011
0.872539149274E+02  -.945813660555E+00  0.615971493463E+00     0  0.80299803120132962
0.873046271825E+02  -.912328294350E+00  0.708892490746E+00     1  1.6567585297686447
0.873886451436E+02  -.843941454943E+00  0.939062082529E+00     0  0.71177518686983154
0.874484470436E+02  -.780448067213E+00  0.120358951279E+01     0  0.74703295611458465
0.874931210338E+02  -.720487109538E+00  0.149889237178E+01     0  0.80702422953588693
0.875291740263E+02  -.660695669509E+00  0.183640667506E+01     0  0.84626191556808084
0.875596843007E+02  -.598997045128E+00  0.222768088186E+01     0  0.87093770606702769
0.875862568492E+02  -.534026492518E+00  0.268372379720E+01     0  0.88852356294486434
0.876098671846E+02  -.464655698286E+00  0.321599682500E+01     0  0.90249644663001560
0.876311754285E+02  -.389788021186E+00  0.383680259240E+01     0  0.91456022651125213
0.876506631008E+02  -.308251653982E+00  0.455921496250E+01     0  0.92573789730916867
0.876687035776E+02  -.218720196297E+00  0.539655012658E+01     0  0.93676887201875858
0.876856033347E+02  -.119636423553E+00  0.636110012559E+01     0  0.94825536432263624
0.877016286200E+02  -.913375194609E-02  0.746147744211E+01     0  0.96065535970987959
0.877170233962E+02  0.115026376913E+00  0.869721391254E+01     0  0.97401901543316016
0.877320182010E+02  0.255415713949E+00  0.100478893465E+02     0  0.98710318353423276
0.877468196205E+02  0.414515403884E+00  0.114520904145E+02     0  0.99545012794439647
0.877615536955E+02  0.593203716847E+00  0.127731836180E+02     0  0.99129389564727066
0.877761594941E+02  0.787623571451E+00  0.137744598727E+02     0  0.97808768367100618
0.877904452458E+02  0.988133137914E+00  0.141794986740E+02     0  0.99229908057801752
0.878046209841E+02  0.118740436391E+01  0.137923409937E+02     0  1.1212350529827293
0.878205153187E+02  0.139657166654E+01  0.123643381284E+02     0  0.95805250321667312
0.878357429259E+02  0.156949147320E+01  0.102634224569E+02     0  0.74952862459297909
0.878471564533E+02  0.167657483346E+01  0.849385341798E+01     0  0.97616957311349983
0.878582979914E+02  0.176171569751E+01  0.680926505377E+01     0  1.1470639464510595
0.878710780482E+02  0.183745205477E+01  0.509050901696E+01     0  1.2297619595915859
0.878789362620E+02  0.187382382036E+01  0.418717648208E+01     1  1.2348474848921145
0.878886399576E+02  0.190972267494E+01  0.324300958381E+01     0  0.91618227693854537
0.878975303115E+02  0.193530552561E+01  0.253616914018E+01     0  0.92514030314596107
0.879057551362E+02  0.195389830223E+01  0.200301262111E+01     0  0.95868081191526799
0.879136401178E+02  0.196799372096E+01  0.158648762168E+01     0  0.97978309497477845
0.879213656895E+02  0.197892455869E+01  0.125484106707E+01     0  0.99357905468337482
0.879290416558E+02  0.198749678854E+01  0.988181905364E+00     0  1.0040392843665689
0.879367486274E+02  0.199425174449E+01  0.772648364465E+00     0  1.0128324467895273
0.879445544983E+02  0.199957560242E+01  0.598000662989E+00     0  1.0207413954954416
0.879525222739E+02  0.200375426333E+01  0.456412777991E+00     0  1.0281961758676141
0.879607147103E+02  0.200700474943E+01  0.341768181080E+00     0  1.0354631033345358
0.879691976760E+02  0.200949474995E+01  0.249208300990E+00     0  1.0427266718369224
0.879780430905E+02  0.201135551002E+01  0.174823986793E+00     0  1.0501332544318969
0.879873319544E+02  0.201269067422E+01  0.115435174569E+00     0  1.0578193904970115
0.879971578948E+02  0.201358250653E+01  0.684286978106E-01     0  1.0659339102139971
0.880076316978E+02  0.201409630206E+01  0.316365267333E-01     0  1.0746587786585300
0.880188874622E+02  0.201428346914E+01  0.324335436748E-02     0  1.0842325092214655
0.880310913279E+02  0.201418355337E+01  -.182837867264E-01     0  1.1050393485164030
0.880445770796E+02  0.201382111468E+01  -.343674946328E-01     0  1.1177827690741899
0.880596512206E+02  0.201320859703E+01  -.460119489778E-01     0  1.1314895275978480
0.880767074532E+02  0.201234882820E+01  -.541086265956E-01     0  1.1491468983930706
0.880963075700E+02  0.201123065357E+01  -.594659960827E-01     0  1.1725411931968834
0.881192895144E+02  0.200982138640E+01  -.627989994536E-01     0  1.2045698797192164
0.881469728723E+02  0.200805278978E+01  -.647216837283E-01     0  1.2504551333985188
0.881815896694E+02  0.200579198117E+01  -.657436487057E-01     0  1.3204870415879308
0.882273007013E+02  0.200277288439E+01  -.662709121782E-01     0  1.4375747558024115
0.882930137269E+02  0.199840564819E+01  -.666156973761E-01     0  1.6628287004660254
0.884022832319E+02  0.199110318039E+01  -.670378036064E-01     0  2.2221090566222648
0.886450919884E+02  0.197471339872E+01  -.679700685421E-01     0  3.0000000000000000
0.893735182579E+02  0.192411132509E+01  -.710377273643E-01     0  1.7582194471463068
0.906542514909E+02  0.182905486042E+01  -.777269128367E-01     0  0.88411979373932736
0.917865730926E+02  0.173675312360E+01  -.857251501320E-01     0  0.80977315975255160
0.927034967340E+02  0.165429388469E+01  -.946014168048E-01     0  0.79609126472599878
0.934334516352E+02  0.158189418537E+01  -.104260481938E+00     0  0.79713972897391427
0.940153276874E+02  0.151833768875E+01  -.114711984797E+00     0  0.80336611055563867
0.944827871882E+02  0.146219916210E+01  -.126018592086E+00     0  0.81313245824463853
0.948628936813E+02  0.141207317983E+01  -.138306859803E+00     0  0.82651567600060938
0.951770576563E+02  0.136660016698E+01  -.151805853035E+00     0  0.84311449062864463
0.954419338561E+02  0.132448469990E+01  -.166896761184E+00     0  0.86145185406738656
0.956701119496E+02  0.128452512444E+01  -.184170295718E+00     0  0.87960363623320015
0.958708182302E+02  0.124562017168E+01  -.204510571340E+00     0  0.89629654146250282
0.960507105755E+02  0.120672074719E+01  -.229252523774E+00     0  0.91147633336161482
0.962146781907E+02  0.116671284229E+01  -.260503411722E+00     0  0.92609219540791632
0.963665273195E+02  0.112421327445E+01  -.301823918591E+00     0  0.94124104691843880
0.965094539524E+02  0.107722658240E+01  -.359745201893E+00     0  0.95467076504856563
0.966459018304E+02  0.102266546588E+01  -.447150050403E+00     0  0.94151819750514965
0.967743699905E+02  0.957066109931E+00  -.587508849963E+00     0  0.82855060104344425
0.968275911762E+02  0.923543578052E+00  -.676370697338E+00     1  1.7178940237976235
0.968733053546E+02  0.890435011059E+00  -.776544960272E+00     1  1.5834560016268646
0.969456917447E+02  0.826555506691E+00  -.100656401389E+01     0  0.75273640433516387
0.970001796157E+02  0.764870203731E+00  -.127607698798E+01     0  0.77055284020795645
0.970421653995E+02  0.705275988375E+00  -.158074187414E+01     0  0.81984786956223488
0.970765873549E+02  0.645158184333E+00  -.193092662240E+01     0  0.85363524031523963
0.971059711490E+02  0.582738177979E+00  -.233771119251E+01     0  0.87592677290000831
0.971317092010E+02  0.516745977502E+00  -.281212904199E+01     0  0.89235519976465882
0.971546766856E+02  0.446075162767E+00  -.336583940445E+01     0  0.90571552164892077
0.971754786928E+02  0.369618275855E+00  -.401136481985E+01     0  0.91747073681975555
0.971945639257E+02  0.286171162261E+00  -.476191375581E+01     0  0.92854731911559696
0.972122854675E+02  0.194355760393E+00  -.563070116182E+01     0  0.93964180006310449
0.972289373690E+02  0.925431606975E-01  -.662940879396E+01     0  0.95132699638917484
0.972447787724E+02  -.212240809878E-01  -.776499684293E+01     0  0.96399752480261980
0.972600498461E+02  -.149281378627E+00  -.903323716724E+01     0  0.97749477321841738
0.972749772408E+02  -.294244719236E+00  -.104057593905E+02     0  0.98997155756649291
0.972897549370E+02  -.458395065098E+00  -.118055832467E+02     0  0.99585253029836174
0.973044713431E+02  -.641739894425E+00  -.130710785362E+02     0  0.98795249854312150
0.973190104533E+02  -.838761224059E+00  -.139445632381E+02     0  0.97697402037200953
0.973332147863E+02  -.103926787538E+01  -.141616244326E+02     0  1.0076941501787431
0.973475284095E+02  -.123861815499E+01  -.135462666362E+02     0  1.2294387684666452
0.973651261329E+02  -.146209465719E+01  -.116729095567E+02     0  0.77697423630902895
0.973787991105E+02  -.160829736377E+01  -.966555482050E+01     0  0.81134262545099856
0.973898925801E+02  -.170594214576E+01  -.794144921161E+01     0  1.0281563477774327
0.974012984012E+02  -.178679711958E+01  -.626369337860E+01     0  1.2727275414921868
0.974158149039E+02  -.186397963136E+01  -.443683096056E+01     0  0.88266040781480148
0.974286280462E+02  -.191237186181E+01  -.317115717326E+01     0  0.72320270587696733
0.974378945453E+02  -.193830321748E+01  -.245135306687E+01     0  0.88537551562814232
0.974460988767E+02  -.195622474809E+01  -.193502906046E+01     0  0.95749904368775307
0.974539545162E+02  -.196979044934E+01  -.153252045589E+01     0  0.98177414263700624
0.974616669800E+02  -.198032908434E+01  -.121157402130E+01     0  0.99526148109662493
0.974693428980E+02  -.198860221049E+01  -.953266559458E+00     0  1.0054225677976381
0.974770604393E+02  -.199512341236E+01  -.744375148662E+00     0  1.0140482027727680
0.974848863982E+02  -.200026130873E+01  -.575077367493E+00     0  1.0218679808348456
0.974928834949E+02  -.200428997382E+01  -.437837290255E+00     0  1.0292807140210778
0.975011147524E+02  -.200741808048E+01  -.326749166037E+00     0  1.0365367992064227
0.975096467537E+02  -.200980721814E+01  -.237112138445E+00     0  1.0438128464488228
0.975185525662E+02  -.201158405545E+01  -.165137442778E+00     0  1.0512522041706480
0.975279148213E+02  -.201284872394E+01  -.107738203454E+00     0  1.0589919130312337
0.975378293737E+02  -.201368072855E+01  -.623741540324E-01     0  1.0671843823483875
0.975484100292E+02  -.201414313798E+01  -.269348144774E-01     0  1.0760183709520708
0.975597950088E+02  -.201428549667E+01  0.349260109347E-03     0  1.0859341514697918
0.975721583471E+02  -.201414566001E+01  0.209770547752E-01     0  1.1080979747599917
0.975858581371E+02  -.201374569674E+01  0.363451411298E-01     0  1.1196522321136182
0.976011971377E+02  -.201309674628E+01  0.474111549875E-01     0  1.1338146122730899
0.976185887206E+02  -.201219991414E+01  0.550543494515E-01     0  1.1521890772634902
0.976386271125E+02  -.201104144326E+01  0.600699775827E-01     0  1.1766378513435969
0.976622050429E+02  -.200958450568E+01  0.631584435088E-01     0  1.2103053994209054
0.976907415393E+02  -.200775369886E+01  0.649184947791E-01     0  1.2589285214689019
0.977266669486E+02  -.200540230687E+01  0.658442405448E-01     0  1.3339884675618927
0.977745910303E+02  -.200223350132E+01  0.663268797921E-01     0  1.4616170862552080
0.978446376869E+02  -.199757468308E+01  0.666668516649E-01     0  1.7140006115907334
0.979646976991E+02  -.198954287889E+01  0.671255872743E-01     0  2.3803312632769922
0.982504802998E+02  -.197020285150E+01  0.682315278813E-01     0  3.0000000000000000
0.991078281018E+02  -.191016061677E+01  0.719387173075E-01     0  1.4625604652292843
0.100000000000E+03  -.184397615070E+01  0.765843432670E-01     0  1.2230295270060254
<end of output>
Test time =   0.01 sec
----------------------------------------------------------
Test Passed.
"vanpol" end time: May 07 23:43 UTC
"vanpol" time elapsed: 00:00:00
----------------------------------------------------------

End testing: May 07 23:43 UTC
